cuda_available= True
=== Ejecutando experimento: pca_only ===
Cargando modelo...

============================================================
  WIN CONDITION COACH — Jax TOP
============================================================

  PERFIL ESTRATÉGICO (0 = nulo, 1 = máximo):
  Target                    | Baseline | Draft Adj |  Final
  --------------------------+----------+-----------+-------
  LaneDominance             |    0.467 | ▲  +0.37σ |  0.568
  EarlyAggression           |    0.312 | ▲  +0.23σ |  0.361
  MapPressure               |    0.191 | →  -0.09σ |  0.183
  ObjectiveFocus            |    0.398 | ▲  +0.57σ |  0.504
  ResourceEfficiency        |    0.539 | →  +0.10σ |  0.551

  MÉTRICAS CLAVE:
  Métrica              |   Baseline | Draft Adj | Predicción
  ---------------------+------------+-----------+-----------
  GoldDiff_10          |     -140.9 | ▲  +0.24σ |       92.1 gold
  GoldDiff_15          |     -167.3 | ▲  +0.34σ |      447.8 gold
  EarlyTakedowns       |        3.2 | ▲  +0.31σ |        3.9 kills
  DmgTotal             |      776.1 | →  +0.08σ |      797.4 dmg/min
  DmgTurret            |      448.0 | ▲  +0.40σ |      545.5 dmg/min
  DmgObj               |      530.9 | ▲  +0.44σ |      656.4 dmg/min
  KillParticipation    |        0.3 | →  -0.06σ |        0.3 %
  SoloKills            |        2.1 | ▲  +0.10σ |        2.3 kills

  OBJETIVOS DE EQUIPO:
  Team_Dragons         |   1.8 | ▲ +0.48σ |   2.4
  Team_Barons          |   0.6 | ▲ +0.32σ |   0.8
  Team_Towers          |   6.0 | ▲ +0.72σ |   8.6


============================================================
  WIN CONDITION COACH — Mundo JUNGLE
============================================================

  PERFIL ESTRATÉGICO (0 = nulo, 1 = máximo):
  Target                    | Baseline | Draft Adj |  Final
  --------------------------+----------+-----------+-------
  LaneDominance             |    0.485 | ▲  +0.59σ |  0.600
  EarlyAggression           |    0.364 | ▲  +0.35σ |  0.426
  MapPressure               |    0.310 | →  -0.02σ |  0.308
  ObjectiveFocus            |    0.393 | ▲  +0.71σ |  0.558
  ResourceEfficiency        |    0.514 | ▲  +0.22σ |  0.545

  MÉTRICAS CLAVE:
  Métrica              |   Baseline | Draft Adj | Predicción
  ---------------------+------------+-----------+-----------
  GoldDiff_10          |     -163.3 | ▲  +0.47σ |      204.1 gold
  GoldDiff_15          |     -379.5 | ▲  +0.57σ |      353.0 gold
  EarlyTakedowns       |        4.9 | ▲  +0.46σ |        6.1 kills
  DmgTotal             |      734.6 | ▲  +0.17σ |      781.3 dmg/min
  DmgTurret            |       92.6 | ▲  +0.47σ |      148.1 dmg/min
  DmgObj               |     1057.6 | ▲  +0.66σ |     1464.7 dmg/min
  KillParticipation    |        0.5 | →  -0.05σ |        0.5 %
  SoloKills            |        0.6 | ▲  +0.10σ |        0.6 kills

  OBJETIVOS DE EQUIPO:
  Team_Dragons         |   2.0 | ▲ +0.59σ |   2.8
  Team_Barons          |   0.5 | ▲ +0.35σ |   0.7
  Team_Towers          |   5.3 | ▲ +0.78σ |   8.1


============================================================
  WIN CONDITION COACH — Ryze MIDDLE
============================================================

  PERFIL ESTRATÉGICO (0 = nulo, 1 = máximo):
  Target                    | Baseline | Draft Adj |  Final
  --------------------------+----------+-----------+-------
  LaneDominance             |    0.474 | ▲  +0.57σ |  0.591
  EarlyAggression           |    0.308 | ▲  +0.35σ |  0.377
  MapPressure               |    0.250 | →  +0.02σ |  0.253
  ObjectiveFocus            |    0.294 | ▲  +0.64σ |  0.405
  ResourceEfficiency        |    0.590 | ▲  +0.18σ |  0.614

  MÉTRICAS CLAVE:
  Métrica              |   Baseline | Draft Adj | Predicción
  ---------------------+------------+-----------+-----------
  GoldDiff_10          |        3.9 | ▲  +0.44σ |      347.9 gold
  GoldDiff_15          |     -162.9 | ▲  +0.53σ |      575.6 gold
  EarlyTakedowns       |        4.0 | ▲  +0.44σ |        5.2 kills
  DmgTotal             |      818.0 | ▲  +0.14σ |      858.9 dmg/min
  DmgTurret            |      237.6 | ▲  +0.49σ |      304.2 dmg/min
  DmgObj               |      355.9 | ▲  +0.54σ |      475.1 dmg/min
  KillParticipation    |        0.4 | →  +0.01σ |        0.4 %
  SoloKills            |        0.9 | →  +0.09σ |        1.0 kills

  OBJETIVOS DE EQUIPO:
  Team_Dragons         |   1.7 | ▲ +0.59σ |   2.5
  Team_Barons          |   0.5 | ▲ +0.35σ |   0.7
  Team_Towers          |   5.4 | ▲ +0.76σ |   8.1


============================================================
  WIN CONDITION COACH — Aphelios BOTTOM
============================================================

  PERFIL ESTRATÉGICO (0 = nulo, 1 = máximo):
  Target                    | Baseline | Draft Adj |  Final
  --------------------------+----------+-----------+-------
  LaneDominance             |    0.456 | ▲  +0.59σ |  0.597
  EarlyAggression           |    0.342 | ▲  +0.46σ |  0.438
  MapPressure               |    0.239 | ▲  +0.11σ |  0.251
  ObjectiveFocus            |    0.391 | ▲  +0.74σ |  0.568
  ResourceEfficiency        |    0.603 | ▲  +0.36σ |  0.660

  MÉTRICAS CLAVE:
  Métrica              |   Baseline | Draft Adj | Predicción
  ---------------------+------------+-----------+-----------
  GoldDiff_10          |      -21.0 | ▲  +0.45σ |      456.9 gold
  GoldDiff_15          |      -49.8 | ▲  +0.55σ |     1073.8 gold
  EarlyTakedowns       |        5.0 | ▲  +0.53σ |        6.6 kills
  DmgTotal             |      931.5 | ▲  +0.34σ |     1059.0 dmg/min
  DmgTurret            |      338.1 | ▲  +0.57σ |      469.8 dmg/min
  DmgObj               |      570.3 | ▲  +0.64σ |      833.7 dmg/min
  KillParticipation    |        0.4 | ▲  +0.15σ |        0.5 %
  SoloKills            |        0.7 | →  +0.09σ |        0.8 kills

  OBJETIVOS DE EQUIPO:
  Team_Dragons         |   1.8 | ▲ +0.62σ |   2.6
  Team_Barons          |   0.5 | ▲ +0.43σ |   0.8
  Team_Towers          |   5.6 | ▲ +0.80σ |   8.4


============================================================
  WIN CONDITION COACH — Nautilus UTILITY
============================================================

  PERFIL ESTRATÉGICO (0 = nulo, 1 = máximo):
  Target                    | Baseline | Draft Adj |  Final
  --------------------------+----------+-----------+-------
  LaneDominance             |    0.431 | ▲  +0.41σ |  0.476
  EarlyAggression           |    0.413 | ▲  +0.33σ |  0.467
  MapPressure               |    0.730 | →  +0.08σ |  0.742
  ObjectiveFocus            |    0.124 | ▲  +0.54σ |  0.182
  ResourceEfficiency        |    0.147 | ▲  +0.15σ |  0.156

  MÉTRICAS CLAVE:
  Métrica              |   Baseline | Draft Adj | Predicción
  ---------------------+------------+-----------+-----------
  GoldDiff_10          |       -4.0 | ▲  +0.29σ |      139.6 gold
  GoldDiff_15          |      -75.4 | ▲  +0.42σ |      247.2 gold
  EarlyTakedowns       |        6.6 | ▲  +0.41σ |        8.0 kills
  DmgTotal             |      345.6 | ▲  +0.17σ |      361.4 dmg/min
  DmgTurret            |       25.7 | ▲  +0.33σ |       37.7 dmg/min
  DmgObj               |       53.7 | ▲  +0.37σ |       73.7 dmg/min
  KillParticipation    |        0.5 | →  +0.06σ |        0.5 %
  SoloKills            |        0.2 | →  -0.09σ |        0.1 kills

  OBJETIVOS DE EQUIPO:
  Team_Dragons         |   1.9 | ▲ +0.51σ |   2.6
  Team_Barons          |   0.6 | ▲ +0.31σ |   0.8
  Team_Towers          |   5.6 | ▲ +0.73σ |   8.2

