cuda_available= True
cuda_device_count= 1

--- PREPARANDO DATOS ---
Device: cuda
Train: 23060 filas | Test: 5765 filas
--- INICIANDO ENTRENAMIENTO ---
Epoch 01/200 | Train Loss(w): 1.5532 | Test Loss(w): 1.4477 | Test MSE: 0.9980 || [OK] Best model guardado: Models/lol_model_best.pth (loss=1.4477)
Epoch 02/200 | Train Loss(w): 1.3780 | Test Loss(w): 1.4542 | Test MSE: 1.0020 || [EarlyStopping] no mejora: 1/20
Epoch 03/200 | Train Loss(w): 1.3528 | Test Loss(w): 1.4501 | Test MSE: 0.9985 || [EarlyStopping] no mejora: 2/20
Epoch 04/200 | Train Loss(w): 1.3216 | Test Loss(w): 1.4602 | Test MSE: 1.0015 || [EarlyStopping] no mejora: 3/20
Epoch 05/200 | Train Loss(w): 1.2919 | Test Loss(w): 1.4750 | Test MSE: 1.0096 || [EarlyStopping] no mejora: 4/20
Epoch 06/200 | Train Loss(w): 1.2664 | Test Loss(w): 1.4798 | Test MSE: 1.0118 || [EarlyStopping] no mejora: 5/20
Epoch 07/200 | Train Loss(w): 1.2422 | Test Loss(w): 1.4857 | Test MSE: 1.0135 || [EarlyStopping] no mejora: 6/20
Epoch 00007: reducing learning rate of group 0 to 5.0000e-04.
Epoch 08/200 | Train Loss(w): 1.2063 | Test Loss(w): 1.4903 | Test MSE: 1.0156 || [EarlyStopping] no mejora: 7/20
Epoch 09/200 | Train Loss(w): 1.1912 | Test Loss(w): 1.4983 | Test MSE: 1.0197 || [EarlyStopping] no mejora: 8/20
Epoch 10/200 | Train Loss(w): 1.1781 | Test Loss(w): 1.4981 | Test MSE: 1.0191 || [EarlyStopping] no mejora: 9/20
Epoch 11/200 | Train Loss(w): 1.1669 | Test Loss(w): 1.4965 | Test MSE: 1.0182 || [EarlyStopping] no mejora: 10/20
Epoch 12/200 | Train Loss(w): 1.1587 | Test Loss(w): 1.5048 | Test MSE: 1.0222 || [EarlyStopping] no mejora: 11/20
Epoch 13/200 | Train Loss(w): 1.1437 | Test Loss(w): 1.5066 | Test MSE: 1.0236 || [EarlyStopping] no mejora: 12/20
Epoch 00013: reducing learning rate of group 0 to 2.5000e-04.
Epoch 14/200 | Train Loss(w): 1.1284 | Test Loss(w): 1.5052 | Test MSE: 1.0229 || [EarlyStopping] no mejora: 13/20
Epoch 15/200 | Train Loss(w): 1.1223 | Test Loss(w): 1.5120 | Test MSE: 1.0261 || [EarlyStopping] no mejora: 14/20
Epoch 16/200 | Train Loss(w): 1.1152 | Test Loss(w): 1.5175 | Test MSE: 1.0295 || [EarlyStopping] no mejora: 15/20
Epoch 17/200 | Train Loss(w): 1.1091 | Test Loss(w): 1.5168 | Test MSE: 1.0283 || [EarlyStopping] no mejora: 16/20
Epoch 18/200 | Train Loss(w): 1.1040 | Test Loss(w): 1.5223 | Test MSE: 1.0315 || [EarlyStopping] no mejora: 17/20
Epoch 19/200 | Train Loss(w): 1.1006 | Test Loss(w): 1.5237 | Test MSE: 1.0322 || [EarlyStopping] no mejora: 18/20
Epoch 00019: reducing learning rate of group 0 to 1.2500e-04.
Epoch 20/200 | Train Loss(w): 1.0894 | Test Loss(w): 1.5267 | Test MSE: 1.0338 || [EarlyStopping] no mejora: 19/20
Epoch 21/200 | Train Loss(w): 1.0873 | Test Loss(w): 1.5309 | Test MSE: 1.0362 || [EarlyStopping] no mejora: 20/20

[EarlyStopping] Deteniendo entrenamiento después de 21 epochs sin mejora.

[OK] Best checkpoint ya guardado en Models/lol_model_best.pth
