cuda_available= True
=== Ejecutando experimento: pca_only ===

============================================================
  LoL Win Condition Coach — Experiment: PCA_ONLY
  Targets: 17 individual + 3 team + 5 strategic
============================================================
Dataset (train): 59440 filas (29720 wins, 29720 losses)
Dataset (val): 14860 filas (7430 wins, 7430 losses)
Device: cuda
Train: 59440 | Test: 14860
Parámetros: 132,289
--- INICIANDO ENTRENAMIENTO (pca_only) ---

Epoch 001 | Train: 0.7015 (ind=0.5141 team=0.0901 strat=0.0973) | Val: 0.6074 (ind=0.4872 team=0.0853 strat=0.0350) | LR: 0.000500
Epoch 002 | Train: 0.5975 (ind=0.4774 team=0.0765 strat=0.0436) | Val: 0.5548 (ind=0.4623 team=0.0639 strat=0.0287) | LR: 0.000500
Epoch 003 | Train: 0.5566 (ind=0.4585 team=0.0634 strat=0.0347) | Val: 0.5436 (ind=0.4575 team=0.0587 strat=0.0273) | LR: 0.000500
Epoch 004 | Train: 0.5434 (ind=0.4528 team=0.0593 strat=0.0313) | Val: 0.5415 (ind=0.4567 team=0.0580 strat=0.0267) | LR: 0.000500
Epoch 005 | Train: 0.5381 (ind=0.4505 team=0.0578 strat=0.0297) | Val: 0.5398 (ind=0.4559 team=0.0576 strat=0.0263) | LR: 0.000500

  Métrica                   |     R² |  MAE(z) |    MAE(real) |
  --------------------------+--------+---------+--------------+
  GoldDiff_10               |   6.3% |   0.770 |    636.4 gold | OK
  XpDiff_10                 |   5.4% |   0.768 |    530.7 xp  | OK
  CsDiff_10                 |   5.5% |   0.768 |     11.8 cs  | OK
  GoldDiff_15               |  11.8% |   0.751 |   1110.1 gold | OK
  XpDiff_15                 |  11.0% |   0.749 |    981.0 xp  | OK
  CsDiff_15                 |   8.2% |   0.763 |     17.5 cs  | OK
  EarlyTakedowns            |   5.5% |   0.771 |      2.2 kills | OK
  LaneCsBefore10            |   1.8% |   0.643 |      6.0 cs  | OK
  JgCsBefore10              |   2.2% |   0.170 |      0.4 cs  | OK
  DmgTotal                  |   8.4% |   0.759 |    209.2 dmg/min | OK
  DmgTurret                 |  23.6% |   0.649 |     94.1 dmg/min | OK
  DmgObj                    |  32.8% |   0.626 |    168.6 dmg/min | OK
  VisionScore               |   1.5% |   0.788 |      0.3 vs/min | OK
  KillParticipation         |   1.7% |   0.792 |      0.1 %   | OK
  SoloKills                 |  -1.0% |   0.687 |      0.9 kills | MAL
  TotalCS                   |   1.9% |   0.782 |     34.7 cs  | OK
  GoldEarned                |   7.0% |   0.763 |   2512.4 gold | OK
  Team_Dragons              |  25.3% |   0.706 |      0.9 drags | OK
  Team_Barons               |  22.7% |   0.645 |      0.4 barons | OK
  Team_Towers               |  56.4% |   0.508 |      1.8 towers | OK
  --------------------------+--------+---------+--------------+
      STRATEGIC TARGETS    
  --------------------------+--------+---------+--------------+
  LaneDominance             |  85.5% |   0.157 |     (índice) | OK
  EarlyAggression           |  80.4% |   0.161 |     (índice) | OK
  MapPressure               |  91.7% |   0.097 |     (índice) | OK
  ObjectiveFocus            |  83.7% |   0.117 |     (índice) | OK
  ResourceEfficiency        |  93.8% |   0.104 |     (índice) | OK

  RAW METRICS:       R² = +21.8%  (19/20 métricas OK)
  STRATEGIC TARGETS: R² = +87.6%  (5/5 métricas OK)

Epoch 006 | Train: 0.5348 (ind=0.4492 team=0.0570 strat=0.0286) | Val: 0.5389 (ind=0.4550 team=0.0576 strat=0.0262) | LR: 0.000500
Epoch 007 | Train: 0.5330 (ind=0.4485 team=0.0565 strat=0.0281) | Val: 0.5377 (ind=0.4542 team=0.0575 strat=0.0259) | LR: 0.000500
Epoch 008 | Train: 0.5310 (ind=0.4472 team=0.0562 strat=0.0276) | Val: 0.5375 (ind=0.4540 team=0.0574 strat=0.0260) | LR: 0.000500
Epoch 009 | Train: 0.5302 (ind=0.4467 team=0.0561 strat=0.0274) | Val: 0.5372 (ind=0.4538 team=0.0574 strat=0.0260) | LR: 0.000500
Epoch 010 | Train: 0.5294 (ind=0.4463 team=0.0559 strat=0.0271) | Val: 0.5362 (ind=0.4529 team=0.0574 strat=0.0258) | LR: 0.000500

  Métrica                   |     R² |  MAE(z) |    MAE(real) |
  --------------------------+--------+---------+--------------+
  GoldDiff_10               |   7.1% |   0.765 |    632.8 gold | OK
  XpDiff_10                 |   6.1% |   0.764 |    528.5 xp  | OK
  CsDiff_10                 |   7.0% |   0.763 |     11.7 cs  | OK
  GoldDiff_15               |  12.7% |   0.747 |   1104.9 gold | OK
  XpDiff_15                 |  11.5% |   0.747 |    978.1 xp  | OK
  CsDiff_15                 |   9.5% |   0.757 |     17.4 cs  | OK
  EarlyTakedowns            |   5.9% |   0.770 |      2.2 kills | OK
  LaneCsBefore10            |   2.7% |   0.644 |      6.0 cs  | OK
  JgCsBefore10              |   2.7% |   0.168 |      0.4 cs  | OK
  DmgTotal                  |   9.8% |   0.754 |    207.9 dmg/min | OK
  DmgTurret                 |  23.8% |   0.647 |     93.7 dmg/min | OK
  DmgObj                    |  33.4% |   0.625 |    168.3 dmg/min | OK
  VisionScore               |   1.2% |   0.787 |      0.3 vs/min | OK
  KillParticipation         |   2.0% |   0.790 |      0.1 %   | OK
  SoloKills                 |   0.5% |   0.698 |      0.9 kills | OK
  TotalCS                   |   2.3% |   0.780 |     34.6 cs  | OK
  GoldEarned                |   7.6% |   0.762 |   2510.3 gold | OK
  Team_Dragons              |  25.0% |   0.703 |      0.9 drags | OK
  Team_Barons               |  22.3% |   0.634 |      0.4 barons | OK
  Team_Towers               |  56.9% |   0.504 |      1.8 towers | OK
  --------------------------+--------+---------+--------------+
      STRATEGIC TARGETS    
  --------------------------+--------+---------+--------------+
  LaneDominance             |  85.8% |   0.156 |     (índice) | OK
  EarlyAggression           |  80.7% |   0.159 |     (índice) | OK
  MapPressure               |  92.0% |   0.096 |     (índice) | OK
  ObjectiveFocus            |  83.9% |   0.116 |     (índice) | OK
  ResourceEfficiency        |  94.0% |   0.103 |     (índice) | OK

  RAW METRICS:       R² = +22.1%  (20/20 métricas OK)
  STRATEGIC TARGETS: R² = +87.8%  (5/5 métricas OK)

Epoch 011 | Train: 0.5289 (ind=0.4460 team=0.0559 strat=0.0270) | Val: 0.5357 (ind=0.4527 team=0.0573 strat=0.0257) | LR: 0.000500
Epoch 012 | Train: 0.5280 (ind=0.4455 team=0.0557 strat=0.0268) | Val: 0.5357 (ind=0.4526 team=0.0574 strat=0.0258) | LR: 0.000500
Epoch 013 | Train: 0.5273 (ind=0.4450 team=0.0556 strat=0.0266) | Val: 0.5355 (ind=0.4526 team=0.0573 strat=0.0256) | LR: 0.000500
Epoch 014 | Train: 0.5263 (ind=0.4443 team=0.0555 strat=0.0265) | Val: 0.5358 (ind=0.4528 team=0.0573 strat=0.0256) | LR: 0.000500
Epoch 015 | Train: 0.5259 (ind=0.4440 team=0.0555 strat=0.0264) | Val: 0.5351 (ind=0.4522 team=0.0573 strat=0.0256) | LR: 0.000500

  Métrica                   |     R² |  MAE(z) |    MAE(real) |
  --------------------------+--------+---------+--------------+
  GoldDiff_10               |   7.4% |   0.764 |    631.9 gold | OK
  XpDiff_10                 |   6.3% |   0.764 |    528.0 xp  | OK
  CsDiff_10                 |   7.8% |   0.759 |     11.7 cs  | OK
  GoldDiff_15               |  12.8% |   0.746 |   1103.2 gold | OK
  XpDiff_15                 |  11.5% |   0.747 |    978.0 xp  | OK
  CsDiff_15                 |  10.0% |   0.756 |     17.3 cs  | OK
  EarlyTakedowns            |   6.2% |   0.770 |      2.2 kills | OK
  LaneCsBefore10            |   3.1% |   0.640 |      6.0 cs  | OK
  JgCsBefore10              |   2.9% |   0.166 |      0.4 cs  | OK
  DmgTotal                  |  10.2% |   0.755 |    208.0 dmg/min | OK
  DmgTurret                 |  24.8% |   0.651 |     94.4 dmg/min | OK
  DmgObj                    |  33.7% |   0.626 |    168.6 dmg/min | OK
  VisionScore               |   1.4% |   0.787 |      0.3 vs/min | OK
  KillParticipation         |   2.0% |   0.790 |      0.1 %   | OK
  SoloKills                 |   0.7% |   0.698 |      0.9 kills | OK
  TotalCS                   |   2.3% |   0.780 |     34.6 cs  | OK
  GoldEarned                |   7.4% |   0.762 |   2511.3 gold | OK
  Team_Dragons              |  25.5% |   0.702 |      0.9 drags | OK
  Team_Barons               |  22.6% |   0.645 |      0.4 barons | OK
  Team_Towers               |  57.1% |   0.504 |      1.8 towers | OK
  --------------------------+--------+---------+--------------+
      STRATEGIC TARGETS    
  --------------------------+--------+---------+--------------+
  LaneDominance             |  85.9% |   0.155 |     (índice) | OK
  EarlyAggression           |  80.9% |   0.159 |     (índice) | OK
  MapPressure               |  92.1% |   0.095 |     (índice) | OK
  ObjectiveFocus            |  84.0% |   0.115 |     (índice) | OK
  ResourceEfficiency        |  94.0% |   0.103 |     (índice) | OK

  RAW METRICS:       R² = +22.4%  (20/20 métricas OK)
  STRATEGIC TARGETS: R² = +87.9%  (5/5 métricas OK)

Epoch 016 | Train: 0.5258 (ind=0.4441 team=0.0554 strat=0.0263) | Val: 0.5351 (ind=0.4523 team=0.0573 strat=0.0255) | LR: 0.000500
Epoch 017 | Train: 0.5251 (ind=0.4434 team=0.0554 strat=0.0263) | Val: 0.5352 (ind=0.4523 team=0.0572 strat=0.0256) | LR: 0.000500
Epoch 018 | Train: 0.5245 (ind=0.4430 team=0.0553 strat=0.0262) | Val: 0.5353 (ind=0.4524 team=0.0574 strat=0.0255) | LR: 0.000500
Epoch 019 | Train: 0.5243 (ind=0.4429 team=0.0552 strat=0.0261) | Val: 0.5360 (ind=0.4530 team=0.0574 strat=0.0256) | LR: 0.000500
Epoch 020 | Train: 0.5236 (ind=0.4425 team=0.0550 strat=0.0260) | Val: 0.5351 (ind=0.4520 team=0.0574 strat=0.0256) | LR: 0.000500

  Métrica                   |     R² |  MAE(z) |    MAE(real) |
  --------------------------+--------+---------+--------------+
  GoldDiff_10               |   7.5% |   0.764 |    631.9 gold | OK
  XpDiff_10                 |   6.2% |   0.764 |    528.1 xp  | OK
  CsDiff_10                 |   8.0% |   0.759 |     11.7 cs  | OK
  GoldDiff_15               |  12.8% |   0.747 |   1103.6 gold | OK
  XpDiff_15                 |  11.5% |   0.746 |    977.7 xp  | OK
  CsDiff_15                 |  10.2% |   0.755 |     17.3 cs  | OK
  EarlyTakedowns            |   5.8% |   0.769 |      2.2 kills | OK
  LaneCsBefore10            |   3.2% |   0.639 |      5.9 cs  | OK
  JgCsBefore10              |   2.9% |   0.166 |      0.4 cs  | OK
  DmgTotal                  |   9.7% |   0.752 |    207.3 dmg/min | OK
  DmgTurret                 |  23.9% |   0.646 |     93.7 dmg/min | OK
  DmgObj                    |  33.4% |   0.624 |    168.0 dmg/min | OK
  VisionScore               |   1.4% |   0.787 |      0.3 vs/min | OK
  KillParticipation         |   2.1% |   0.789 |      0.1 %   | OK
  SoloKills                 |  -0.4% |   0.691 |      0.9 kills | MAL
  TotalCS                   |   2.3% |   0.781 |     34.7 cs  | OK
  GoldEarned                |   7.3% |   0.762 |   2511.3 gold | OK
  Team_Dragons              |  25.1% |   0.703 |      0.9 drags | OK
  Team_Barons               |  22.5% |   0.646 |      0.4 barons | OK
  Team_Towers               |  57.0% |   0.507 |      1.8 towers | OK
  --------------------------+--------+---------+--------------+
      STRATEGIC TARGETS    
  --------------------------+--------+---------+--------------+
  LaneDominance             |  85.9% |   0.155 |     (índice) | OK
  EarlyAggression           |  80.8% |   0.159 |     (índice) | OK
  MapPressure               |  92.2% |   0.094 |     (índice) | OK
  ObjectiveFocus            |  84.2% |   0.115 |     (índice) | OK
  ResourceEfficiency        |  94.0% |   0.102 |     (índice) | OK

  RAW METRICS:       R² = +22.2%  (19/20 métricas OK)
  STRATEGIC TARGETS: R² = +87.9%  (5/5 métricas OK)

Epoch 021 | Train: 0.5232 (ind=0.4420 team=0.0552 strat=0.0260) | Val: 0.5349 (ind=0.4519 team=0.0575 strat=0.0255) | LR: 0.000500
Epoch 022 | Train: 0.5231 (ind=0.4422 team=0.0550 strat=0.0260) | Val: 0.5348 (ind=0.4519 team=0.0574 strat=0.0255) | LR: 0.000500
Epoch 023 | Train: 0.5227 (ind=0.4417 team=0.0550 strat=0.0260) | Val: 0.5348 (ind=0.4519 team=0.0574 strat=0.0256) | LR: 0.000500
Epoch 024 | Train: 0.5226 (ind=0.4417 team=0.0550 strat=0.0259) | Val: 0.5347 (ind=0.4518 team=0.0574 strat=0.0255) | LR: 0.000500
Epoch 025 | Train: 0.5220 (ind=0.4413 team=0.0549 strat=0.0259) | Val: 0.5346 (ind=0.4517 team=0.0574 strat=0.0255) | LR: 0.000500

  Métrica                   |     R² |  MAE(z) |    MAE(real) |
  --------------------------+--------+---------+--------------+
  GoldDiff_10               |   7.6% |   0.764 |    631.5 gold | OK
  XpDiff_10                 |   6.2% |   0.764 |    528.1 xp  | OK
  CsDiff_10                 |   8.3% |   0.758 |     11.6 cs  | OK
  GoldDiff_15               |  12.9% |   0.746 |   1103.3 gold | OK
  XpDiff_15                 |  11.4% |   0.747 |    978.1 xp  | OK
  CsDiff_15                 |  10.5% |   0.754 |     17.3 cs  | OK
  EarlyTakedowns            |   6.0% |   0.770 |      2.2 kills | OK
  LaneCsBefore10            |   3.3% |   0.635 |      5.9 cs  | OK
  JgCsBefore10              |   2.9% |   0.167 |      0.4 cs  | OK
  DmgTotal                  |  10.2% |   0.753 |    207.6 dmg/min | OK
  DmgTurret                 |  23.8% |   0.647 |     93.8 dmg/min | OK
  DmgObj                    |  33.3% |   0.624 |    168.1 dmg/min | OK
  VisionScore               |   1.4% |   0.787 |      0.3 vs/min | OK
  KillParticipation         |   2.2% |   0.788 |      0.1 %   | OK
  SoloKills                 |   0.5% |   0.694 |      0.9 kills | OK
  TotalCS                   |   2.2% |   0.780 |     34.7 cs  | OK
  GoldEarned                |   7.3% |   0.763 |   2514.9 gold | OK
  Team_Dragons              |  25.3% |   0.703 |      0.9 drags | OK
  Team_Barons               |  22.6% |   0.640 |      0.4 barons | OK
  Team_Towers               |  57.0% |   0.507 |      1.8 towers | OK
  --------------------------+--------+---------+--------------+
      STRATEGIC TARGETS    
  --------------------------+--------+---------+--------------+
  LaneDominance             |  85.9% |   0.155 |     (índice) | OK
  EarlyAggression           |  81.0% |   0.159 |     (índice) | OK
  MapPressure               |  92.1% |   0.094 |     (índice) | OK
  ObjectiveFocus            |  84.1% |   0.116 |     (índice) | OK
  ResourceEfficiency        |  94.1% |   0.102 |     (índice) | OK

  RAW METRICS:       R² = +22.4%  (20/20 métricas OK)
  STRATEGIC TARGETS: R² = +88.0%  (5/5 métricas OK)

Epoch 026 | Train: 0.5218 (ind=0.4411 team=0.0549 strat=0.0259) | Val: 0.5345 (ind=0.4516 team=0.0574 strat=0.0255) | LR: 0.000500
Epoch 027 | Train: 0.5217 (ind=0.4410 team=0.0549 strat=0.0258) | Val: 0.5347 (ind=0.4518 team=0.0574 strat=0.0255) | LR: 0.000500
Epoch 028 | Train: 0.5211 (ind=0.4406 team=0.0546 strat=0.0258) | Val: 0.5348 (ind=0.4519 team=0.0575 strat=0.0255) | LR: 0.000500
Epoch 029 | Train: 0.5210 (ind=0.4405 team=0.0548 strat=0.0257) | Val: 0.5348 (ind=0.4518 team=0.0575 strat=0.0255) | LR: 0.000500
Epoch 030 | Train: 0.5201 (ind=0.4398 team=0.0546 strat=0.0257) | Val: 0.5350 (ind=0.4520 team=0.0575 strat=0.0255) | LR: 0.000500

  Métrica                   |     R² |  MAE(z) |    MAE(real) |
  --------------------------+--------+---------+--------------+
  GoldDiff_10               |   7.5% |   0.764 |    632.2 gold | OK
  XpDiff_10                 |   6.3% |   0.764 |    528.2 xp  | OK
  CsDiff_10                 |   8.3% |   0.757 |     11.6 cs  | OK
  GoldDiff_15               |  12.7% |   0.747 |   1104.7 gold | OK
  XpDiff_15                 |  11.4% |   0.746 |    977.7 xp  | OK
  CsDiff_15                 |  10.5% |   0.754 |     17.3 cs  | OK
  EarlyTakedowns            |   5.8% |   0.770 |      2.2 kills | OK
  LaneCsBefore10            |   3.5% |   0.639 |      5.9 cs  | OK
  JgCsBefore10              |   2.8% |   0.164 |      0.4 cs  | OK
  DmgTotal                  |   9.7% |   0.752 |    207.3 dmg/min | OK
  DmgTurret                 |  24.0% |   0.647 |     93.8 dmg/min | OK
  DmgObj                    |  33.1% |   0.625 |    168.3 dmg/min | OK
  VisionScore               |   1.2% |   0.787 |      0.3 vs/min | OK
  KillParticipation         |   2.2% |   0.789 |      0.1 %   | OK
  SoloKills                 |   0.1% |   0.692 |      0.9 kills | OK
  TotalCS                   |   1.9% |   0.781 |     34.7 cs  | OK
  GoldEarned                |   7.1% |   0.762 |   2511.0 gold | OK
  Team_Dragons              |  25.0% |   0.704 |      0.9 drags | OK
  Team_Barons               |  22.2% |   0.642 |      0.4 barons | OK
  Team_Towers               |  56.9% |   0.509 |      1.8 towers | OK
  --------------------------+--------+---------+--------------+
      STRATEGIC TARGETS    
  --------------------------+--------+---------+--------------+
  LaneDominance             |  86.0% |   0.155 |     (índice) | OK
  EarlyAggression           |  81.0% |   0.159 |     (índice) | OK
  MapPressure               |  92.1% |   0.095 |     (índice) | OK
  ObjectiveFocus            |  84.2% |   0.116 |     (índice) | OK
  ResourceEfficiency        |  94.0% |   0.103 |     (índice) | OK

  RAW METRICS:       R² = +22.2%  (20/20 métricas OK)
  STRATEGIC TARGETS: R² = +88.0%  (5/5 métricas OK)

Epoch 031 | Train: 0.5205 (ind=0.4398 team=0.0549 strat=0.0258) | Val: 0.5347 (ind=0.4518 team=0.0575 strat=0.0255) | LR: 0.000500
Epoch 032 | Train: 0.5198 (ind=0.4395 team=0.0546 strat=0.0257) | Val: 0.5348 (ind=0.4517 team=0.0576 strat=0.0255) | LR: 0.000500
Epoch 033 | Train: 0.5177 (ind=0.4380 team=0.0542 strat=0.0255) | Val: 0.5347 (ind=0.4517 team=0.0575 strat=0.0255) | LR: 0.000250
Epoch 034 | Train: 0.5172 (ind=0.4374 team=0.0542 strat=0.0255) | Val: 0.5353 (ind=0.4521 team=0.0577 strat=0.0255) | LR: 0.000250
Epoch 035 | Train: 0.5167 (ind=0.4371 team=0.0541 strat=0.0254) | Val: 0.5350 (ind=0.4519 team=0.0577 strat=0.0255) | LR: 0.000250

  Métrica                   |     R² |  MAE(z) |    MAE(real) |
  --------------------------+--------+---------+--------------+
  GoldDiff_10               |   7.5% |   0.765 |    632.3 gold | OK
  XpDiff_10                 |   6.1% |   0.764 |    528.4 xp  | OK
  CsDiff_10                 |   8.4% |   0.757 |     11.6 cs  | OK
  GoldDiff_15               |  12.7% |   0.747 |   1103.9 gold | OK
  XpDiff_15                 |  11.3% |   0.747 |    978.0 xp  | OK
  CsDiff_15                 |  10.6% |   0.754 |     17.3 cs  | OK
  EarlyTakedowns            |   6.1% |   0.770 |      2.2 kills | OK
  LaneCsBefore10            |   3.5% |   0.638 |      5.9 cs  | OK
  JgCsBefore10              |   3.0% |   0.164 |      0.4 cs  | OK
  DmgTotal                  |  10.4% |   0.752 |    207.2 dmg/min | OK
  DmgTurret                 |  24.2% |   0.648 |     94.0 dmg/min | OK
  DmgObj                    |  33.5% |   0.625 |    168.4 dmg/min | OK
  VisionScore               |   1.3% |   0.788 |      0.3 vs/min | OK
  KillParticipation         |   2.3% |   0.789 |      0.1 %   | OK
  SoloKills                 |   0.8% |   0.696 |      0.9 kills | OK
  TotalCS                   |   1.7% |   0.782 |     34.7 cs  | OK
  GoldEarned                |   6.9% |   0.764 |   2516.0 gold | OK
  Team_Dragons              |  24.8% |   0.705 |      0.9 drags | OK
  Team_Barons               |  22.3% |   0.647 |      0.4 barons | OK
  Team_Towers               |  56.8% |   0.506 |      1.8 towers | OK
  --------------------------+--------+---------+--------------+
      STRATEGIC TARGETS    
  --------------------------+--------+---------+--------------+
  LaneDominance             |  85.9% |   0.155 |     (índice) | OK
  EarlyAggression           |  81.0% |   0.159 |     (índice) | OK
  MapPressure               |  92.2% |   0.095 |     (índice) | OK
  ObjectiveFocus            |  84.2% |   0.116 |     (índice) | OK
  ResourceEfficiency        |  94.0% |   0.102 |     (índice) | OK

  RAW METRICS:       R² = +22.2%  (20/20 métricas OK)
  STRATEGIC TARGETS: R² = +88.0%  (5/5 métricas OK)

Epoch 036 | Train: 0.5167 (ind=0.4373 team=0.0540 strat=0.0255) | Val: 0.5352 (ind=0.4521 team=0.0577 strat=0.0255) | LR: 0.000250
Epoch 037 | Train: 0.5156 (ind=0.4363 team=0.0539 strat=0.0254) | Val: 0.5356 (ind=0.4523 team=0.0578 strat=0.0255) | LR: 0.000250
Epoch 038 | Train: 0.5158 (ind=0.4364 team=0.0539 strat=0.0254) | Val: 0.5356 (ind=0.4523 team=0.0578 strat=0.0255) | LR: 0.000250

Early Stopping en epoch 38. Best Val Loss: 0.5345

--- DIAGNÓSTICO FINAL (pca_only) ---

  Métrica                   |     R² |  MAE(z) |    MAE(real) |
  --------------------------+--------+---------+--------------+
  GoldDiff_10               |   7.6% |   0.764 |    631.7 gold | OK
  XpDiff_10                 |   6.3% |   0.764 |    528.1 xp  | OK
  CsDiff_10                 |   8.2% |   0.757 |     11.6 cs  | OK
  GoldDiff_15               |  12.9% |   0.746 |   1103.3 gold | OK
  XpDiff_15                 |  11.6% |   0.746 |    976.9 xp  | OK
  CsDiff_15                 |  10.5% |   0.754 |     17.3 cs  | OK
  EarlyTakedowns            |   6.1% |   0.769 |      2.2 kills | OK
  LaneCsBefore10            |   3.4% |   0.638 |      5.9 cs  | OK
  JgCsBefore10              |   2.8% |   0.166 |      0.4 cs  | OK
  DmgTotal                  |  10.3% |   0.753 |    207.5 dmg/min | OK
  DmgTurret                 |  24.1% |   0.647 |     93.8 dmg/min | OK
  DmgObj                    |  33.4% |   0.624 |    168.0 dmg/min | OK
  VisionScore               |   1.4% |   0.787 |      0.3 vs/min | OK
  KillParticipation         |   2.2% |   0.789 |      0.1 %   | OK
  SoloKills                 |  -0.0% |   0.692 |      0.9 kills | MAL
  TotalCS                   |   2.2% |   0.780 |     34.7 cs  | OK
  GoldEarned                |   7.3% |   0.763 |   2512.3 gold | OK
  Team_Dragons              |  25.2% |   0.702 |      0.9 drags | OK
  Team_Barons               |  22.4% |   0.647 |      0.4 barons | OK
  Team_Towers               |  56.9% |   0.506 |      1.8 towers | OK
  --------------------------+--------+---------+--------------+
      STRATEGIC TARGETS    
  --------------------------+--------+---------+--------------+
  LaneDominance             |  85.9% |   0.155 |     (índice) | OK
  EarlyAggression           |  80.9% |   0.159 |     (índice) | OK
  MapPressure               |  92.1% |   0.095 |     (índice) | OK
  ObjectiveFocus            |  84.1% |   0.116 |     (índice) | OK
  ResourceEfficiency        |  94.0% |   0.102 |     (índice) | OK

  RAW METRICS:       R² = +22.3%  (19/20 métricas OK)
  STRATEGIC TARGETS: R² = +87.9%  (5/5 métricas OK)

Modelo guardado en Models/lol_model_pca_only.pth
