cuda_available= True
=== Ejecutando experimento: pca_only ===

============================================================
  LoL Win Condition Coach — Experiment: PCA_ONLY
  Targets: 17 individual + 3 team + 5 strategic
============================================================
Dataset (train): 59440 filas (29720 wins, 29720 losses)
Dataset (val): 14860 filas (7430 wins, 7430 losses)
Device: cuda
Train: 59440 | Test: 14860
Parámetros: 132,289
--- INICIANDO ENTRENAMIENTO (pca_only) ---

Epoch 001 | Train: 1.4853 (ind=0.5162 team=0.0917 strat=0.8773) | Val: 1.3923 (ind=0.4848 team=0.0836 strat=0.8238) | LR: 0.000500
Epoch 002 | Train: 1.3518 (ind=0.4751 team=0.0750 strat=0.8017) | Val: 1.2732 (ind=0.4610 team=0.0628 strat=0.7494) | LR: 0.000500
Epoch 003 | Train: 1.2730 (ind=0.4581 team=0.0632 strat=0.7517) | Val: 1.2582 (ind=0.4581 team=0.0591 strat=0.7410) | LR: 0.000500
Epoch 004 | Train: 1.2501 (ind=0.4534 team=0.0595 strat=0.7373) | Val: 1.2559 (ind=0.4574 team=0.0584 strat=0.7400) | LR: 0.000500
Epoch 005 | Train: 1.2435 (ind=0.4518 team=0.0582 strat=0.7335) | Val: 1.2523 (ind=0.4561 team=0.0580 strat=0.7382) | LR: 0.000500

  Métrica                   |     R² |  MAE(z) |    MAE(real) |
  --------------------------+--------+---------+--------------+
  GoldDiff_10               |   6.0% |   0.770 |    637.0 gold | OK
  XpDiff_10                 |   5.3% |   0.768 |    530.7 xp  | OK
  CsDiff_10                 |   5.0% |   0.770 |     11.8 cs  | OK
  GoldDiff_15               |  11.6% |   0.752 |   1112.3 gold | OK
  XpDiff_15                 |  10.9% |   0.750 |    981.8 xp  | OK
  CsDiff_15                 |   7.5% |   0.765 |     17.6 cs  | OK
  EarlyTakedowns            |   5.7% |   0.771 |      2.2 kills | OK
  LaneCsBefore10            |   1.8% |   0.650 |      6.0 cs  | OK
  JgCsBefore10              |   1.4% |   0.178 |      0.4 cs  | OK
  DmgTotal                  |   9.2% |   0.755 |    208.1 dmg/min | OK
  DmgTurret                 |  23.8% |   0.650 |     94.2 dmg/min | OK
  DmgObj                    |  33.2% |   0.626 |    168.6 dmg/min | OK
  VisionScore               |   1.3% |   0.787 |      0.3 vs/min | OK
  KillParticipation         |   1.7% |   0.791 |      0.1 %   | OK
  SoloKills                 |   0.4% |   0.698 |      0.9 kills | OK
  TotalCS                   |   2.0% |   0.782 |     34.7 cs  | OK
  GoldEarned                |   7.3% |   0.763 |   2512.8 gold | OK
  Team_Dragons              |  24.7% |   0.707 |      0.9 drags | OK
  Team_Barons               |  22.7% |   0.651 |      0.4 barons | OK
  Team_Towers               |  55.6% |   0.511 |      1.8 towers | OK
  --------------------------+--------+---------+--------------+
      STRATEGIC TARGETS    
  --------------------------+--------+---------+--------------+
  LaneDominance             |  11.4% |   0.764 |     (índice) | OK
  EarlyAggression           |   5.1% |   0.798 |     (índice) | OK
  MapPressure               |   1.8% |   0.801 |     (índice) | OK
  ObjectiveFocus            |  39.8% |   0.615 |     (índice) | OK
  ResourceEfficiency        |   8.4% |   0.775 |     (índice) | OK

  RAW METRICS:       R² = +21.6%  (20/20 métricas OK)
  STRATEGIC TARGETS: R² = +13.2%  (5/5 métricas OK)

Epoch 006 | Train: 1.2375 (ind=0.4499 team=0.0575 strat=0.7301) | Val: 1.2510 (ind=0.4557 team=0.0578 strat=0.7375) | LR: 0.000500
Epoch 007 | Train: 1.2353 (ind=0.4493 team=0.0571 strat=0.7290) | Val: 1.2496 (ind=0.4553 team=0.0576 strat=0.7367) | LR: 0.000500
Epoch 008 | Train: 1.2325 (ind=0.4482 team=0.0568 strat=0.7275) | Val: 1.2492 (ind=0.4551 team=0.0576 strat=0.7366) | LR: 0.000500
Epoch 009 | Train: 1.2305 (ind=0.4478 team=0.0565 strat=0.7261) | Val: 1.2489 (ind=0.4549 team=0.0577 strat=0.7363) | LR: 0.000500
Epoch 010 | Train: 1.2301 (ind=0.4476 team=0.0563 strat=0.7262) | Val: 1.2487 (ind=0.4547 team=0.0576 strat=0.7364) | LR: 0.000500

  Métrica                   |     R² |  MAE(z) |    MAE(real) |
  --------------------------+--------+---------+--------------+
  GoldDiff_10               |   6.7% |   0.767 |    634.4 gold | OK
  XpDiff_10                 |   5.8% |   0.765 |    529.2 xp  | OK
  CsDiff_10                 |   6.1% |   0.766 |     11.8 cs  | OK
  GoldDiff_15               |  12.1% |   0.750 |   1108.4 gold | OK
  XpDiff_15                 |  11.0% |   0.749 |    980.5 xp  | OK
  CsDiff_15                 |   8.6% |   0.761 |     17.5 cs  | OK
  EarlyTakedowns            |   5.5% |   0.770 |      2.2 kills | OK
  LaneCsBefore10            |   2.4% |   0.645 |      6.0 cs  | OK
  JgCsBefore10              |   2.0% |   0.174 |      0.4 cs  | OK
  DmgTotal                  |   8.6% |   0.753 |    207.4 dmg/min | OK
  DmgTurret                 |  23.0% |   0.648 |     93.8 dmg/min | OK
  DmgObj                    |  32.7% |   0.624 |    168.1 dmg/min | OK
  VisionScore               |   1.4% |   0.787 |      0.3 vs/min | OK
  KillParticipation         |   1.7% |   0.791 |      0.1 %   | OK
  SoloKills                 |   0.5% |   0.698 |      0.9 kills | OK
  TotalCS                   |   2.1% |   0.781 |     34.7 cs  | OK
  GoldEarned                |   7.1% |   0.762 |   2511.4 gold | OK
  Team_Dragons              |  24.8% |   0.704 |      0.9 drags | OK
  Team_Barons               |  21.8% |   0.634 |      0.4 barons | OK
  Team_Towers               |  56.6% |   0.506 |      1.8 towers | OK
  --------------------------+--------+---------+--------------+
      STRATEGIC TARGETS    
  --------------------------+--------+---------+--------------+
  LaneDominance             |  11.9% |   0.761 |     (índice) | OK
  EarlyAggression           |   5.0% |   0.798 |     (índice) | OK
  MapPressure               |   2.0% |   0.800 |     (índice) | OK
  ObjectiveFocus            |  39.5% |   0.615 |     (índice) | OK
  ResourceEfficiency        |   8.8% |   0.773 |     (índice) | OK

  RAW METRICS:       R² = +21.7%  (20/20 métricas OK)
  STRATEGIC TARGETS: R² = +13.4%  (5/5 métricas OK)

Epoch 011 | Train: 1.2278 (ind=0.4468 team=0.0561 strat=0.7249) | Val: 1.2465 (ind=0.4540 team=0.0574 strat=0.7351) | LR: 0.000500
Epoch 012 | Train: 1.2268 (ind=0.4468 team=0.0560 strat=0.7240) | Val: 1.2466 (ind=0.4539 team=0.0574 strat=0.7353) | LR: 0.000500
Epoch 013 | Train: 1.2239 (ind=0.4458 team=0.0560 strat=0.7222) | Val: 1.2458 (ind=0.4537 team=0.0574 strat=0.7347) | LR: 0.000500
Epoch 014 | Train: 1.2243 (ind=0.4457 team=0.0560 strat=0.7226) | Val: 1.2453 (ind=0.4535 team=0.0575 strat=0.7343) | LR: 0.000500
Epoch 015 | Train: 1.2224 (ind=0.4450 team=0.0559 strat=0.7215) | Val: 1.2454 (ind=0.4535 team=0.0575 strat=0.7344) | LR: 0.000500

  Métrica                   |     R² |  MAE(z) |    MAE(real) |
  --------------------------+--------+---------+--------------+
  GoldDiff_10               |   7.1% |   0.765 |    632.7 gold | OK
  XpDiff_10                 |   6.1% |   0.765 |    528.6 xp  | OK
  CsDiff_10                 |   6.8% |   0.763 |     11.7 cs  | OK
  GoldDiff_15               |  12.3% |   0.748 |   1106.2 gold | OK
  XpDiff_15                 |  11.1% |   0.748 |    979.8 xp  | OK
  CsDiff_15                 |   9.1% |   0.759 |     17.4 cs  | OK
  EarlyTakedowns            |   5.7% |   0.770 |      2.2 kills | OK
  LaneCsBefore10            |   2.6% |   0.643 |      6.0 cs  | OK
  JgCsBefore10              |   2.3% |   0.169 |      0.4 cs  | OK
  DmgTotal                  |  10.0% |   0.751 |    207.1 dmg/min | OK
  DmgTurret                 |  23.8% |   0.649 |     94.0 dmg/min | OK
  DmgObj                    |  33.2% |   0.626 |    168.5 dmg/min | OK
  VisionScore               |   1.3% |   0.788 |      0.3 vs/min | OK
  KillParticipation         |   2.3% |   0.788 |      0.1 %   | OK
  SoloKills                 |  -1.1% |   0.690 |      0.9 kills | MAL
  TotalCS                   |   1.7% |   0.781 |     34.7 cs  | OK
  GoldEarned                |   7.1% |   0.762 |   2511.1 gold | OK
  Team_Dragons              |  24.9% |   0.702 |      0.9 drags | OK
  Team_Barons               |  22.2% |   0.648 |      0.4 barons | OK
  Team_Towers               |  56.6% |   0.505 |      1.8 towers | OK
  --------------------------+--------+---------+--------------+
      STRATEGIC TARGETS    
  --------------------------+--------+---------+--------------+
  LaneDominance             |  12.4% |   0.759 |     (índice) | OK
  EarlyAggression           |   4.8% |   0.797 |     (índice) | OK
  MapPressure               |   2.1% |   0.799 |     (índice) | OK
  ObjectiveFocus            |  39.7% |   0.615 |     (índice) | OK
  ResourceEfficiency        |   9.2% |   0.771 |     (índice) | OK

  RAW METRICS:       R² = +21.9%  (19/20 métricas OK)
  STRATEGIC TARGETS: R² = +13.6%  (5/5 métricas OK)

Epoch 016 | Train: 1.2214 (ind=0.4449 team=0.0557 strat=0.7209) | Val: 1.2445 (ind=0.4531 team=0.0574 strat=0.7339) | LR: 0.000500
Epoch 017 | Train: 1.2206 (ind=0.4446 team=0.0556 strat=0.7204) | Val: 1.2445 (ind=0.4531 team=0.0574 strat=0.7340) | LR: 0.000500
Epoch 018 | Train: 1.2205 (ind=0.4446 team=0.0554 strat=0.7205) | Val: 1.2447 (ind=0.4532 team=0.0574 strat=0.7341) | LR: 0.000500
Epoch 019 | Train: 1.2189 (ind=0.4441 team=0.0556 strat=0.7193) | Val: 1.2444 (ind=0.4532 team=0.0576 strat=0.7337) | LR: 0.000500
Epoch 020 | Train: 1.2174 (ind=0.4434 team=0.0555 strat=0.7185) | Val: 1.2439 (ind=0.4527 team=0.0575 strat=0.7337) | LR: 0.000500

  Métrica                   |     R² |  MAE(z) |    MAE(real) |
  --------------------------+--------+---------+--------------+
  GoldDiff_10               |   7.2% |   0.765 |    632.4 gold | OK
  XpDiff_10                 |   6.1% |   0.764 |    528.1 xp  | OK
  CsDiff_10                 |   7.1% |   0.762 |     11.7 cs  | OK
  GoldDiff_15               |  12.5% |   0.748 |   1105.5 gold | OK
  XpDiff_15                 |  11.4% |   0.747 |    978.2 xp  | OK
  CsDiff_15                 |   9.6% |   0.757 |     17.4 cs  | OK
  EarlyTakedowns            |   6.2% |   0.770 |      2.2 kills | OK
  LaneCsBefore10            |   2.9% |   0.642 |      6.0 cs  | OK
  JgCsBefore10              |   2.4% |   0.168 |      0.4 cs  | OK
  DmgTotal                  |  10.4% |   0.752 |    207.1 dmg/min | OK
  DmgTurret                 |  24.1% |   0.647 |     93.7 dmg/min | OK
  DmgObj                    |  33.2% |   0.624 |    168.0 dmg/min | OK
  VisionScore               |   1.3% |   0.787 |      0.3 vs/min | OK
  KillParticipation         |   2.3% |   0.789 |      0.1 %   | OK
  SoloKills                 |   0.4% |   0.696 |      0.9 kills | OK
  TotalCS                   |   2.2% |   0.780 |     34.6 cs  | OK
  GoldEarned                |   7.4% |   0.761 |   2508.3 gold | OK
  Team_Dragons              |  24.5% |   0.705 |      0.9 drags | OK
  Team_Barons               |  22.4% |   0.645 |      0.4 barons | OK
  Team_Towers               |  56.9% |   0.505 |      1.8 towers | OK
  --------------------------+--------+---------+--------------+
      STRATEGIC TARGETS    
  --------------------------+--------+---------+--------------+
  LaneDominance             |  12.5% |   0.759 |     (índice) | OK
  EarlyAggression           |   5.4% |   0.797 |     (índice) | OK
  MapPressure               |   2.2% |   0.799 |     (índice) | OK
  ObjectiveFocus            |  39.8% |   0.614 |     (índice) | OK
  ResourceEfficiency        |   9.2% |   0.770 |     (índice) | OK

  RAW METRICS:       R² = +22.1%  (20/20 métricas OK)
  STRATEGIC TARGETS: R² = +13.8%  (5/5 métricas OK)

Epoch 021 | Train: 1.2154 (ind=0.4430 team=0.0555 strat=0.7170) | Val: 1.2444 (ind=0.4529 team=0.0575 strat=0.7340) | LR: 0.000500
Epoch 022 | Train: 1.2159 (ind=0.4428 team=0.0554 strat=0.7177) | Val: 1.2451 (ind=0.4531 team=0.0575 strat=0.7345) | LR: 0.000500
Epoch 023 | Train: 1.2149 (ind=0.4425 team=0.0555 strat=0.7169) | Val: 1.2454 (ind=0.4531 team=0.0577 strat=0.7346) | LR: 0.000500
Epoch 024 | Train: 1.2142 (ind=0.4423 team=0.0552 strat=0.7166) | Val: 1.2455 (ind=0.4532 team=0.0576 strat=0.7348) | LR: 0.000500
Epoch 025 | Train: 1.2120 (ind=0.4419 team=0.0552 strat=0.7149) | Val: 1.2433 (ind=0.4525 team=0.0576 strat=0.7331) | LR: 0.000500

  Métrica                   |     R² |  MAE(z) |    MAE(real) |
  --------------------------+--------+---------+--------------+
  GoldDiff_10               |   7.4% |   0.764 |    632.0 gold | OK
  XpDiff_10                 |   6.1% |   0.764 |    528.4 xp  | OK
  CsDiff_10                 |   7.4% |   0.760 |     11.7 cs  | OK
  GoldDiff_15               |  12.6% |   0.747 |   1104.1 gold | OK
  XpDiff_15                 |  11.3% |   0.747 |    978.7 xp  | OK
  CsDiff_15                 |   9.8% |   0.756 |     17.4 cs  | OK
  EarlyTakedowns            |   6.0% |   0.769 |      2.2 kills | OK
  LaneCsBefore10            |   3.0% |   0.643 |      6.0 cs  | OK
  JgCsBefore10              |   2.2% |   0.169 |      0.4 cs  | OK
  DmgTotal                  |  10.6% |   0.752 |    207.2 dmg/min | OK
  DmgTurret                 |  24.2% |   0.647 |     93.8 dmg/min | OK
  DmgObj                    |  33.4% |   0.625 |    168.4 dmg/min | OK
  VisionScore               |   1.3% |   0.788 |      0.3 vs/min | OK
  KillParticipation         |   2.3% |   0.788 |      0.1 %   | OK
  SoloKills                 |   0.2% |   0.695 |      0.9 kills | OK
  TotalCS                   |   2.0% |   0.781 |     34.7 cs  | OK
  GoldEarned                |   7.2% |   0.763 |   2513.4 gold | OK
  Team_Dragons              |  24.5% |   0.705 |      0.9 drags | OK
  Team_Barons               |  22.5% |   0.642 |      0.4 barons | OK
  Team_Towers               |  56.5% |   0.507 |      1.8 towers | OK
  --------------------------+--------+---------+--------------+
      STRATEGIC TARGETS    
  --------------------------+--------+---------+--------------+
  LaneDominance             |  12.6% |   0.758 |     (índice) | OK
  EarlyAggression           |   5.4% |   0.796 |     (índice) | OK
  MapPressure               |   2.2% |   0.798 |     (índice) | OK
  ObjectiveFocus            |  39.8% |   0.614 |     (índice) | OK
  ResourceEfficiency        |   9.4% |   0.770 |     (índice) | OK

  RAW METRICS:       R² = +22.1%  (20/20 métricas OK)
  STRATEGIC TARGETS: R² = +13.8%  (5/5 métricas OK)

Epoch 026 | Train: 1.2121 (ind=0.4419 team=0.0553 strat=0.7150) | Val: 1.2462 (ind=0.4534 team=0.0577 strat=0.7351) | LR: 0.000500
Epoch 027 | Train: 1.2121 (ind=0.4416 team=0.0552 strat=0.7153) | Val: 1.2429 (ind=0.4524 team=0.0576 strat=0.7330) | LR: 0.000500
Epoch 028 | Train: 1.2110 (ind=0.4411 team=0.0551 strat=0.7147) | Val: 1.2446 (ind=0.4529 team=0.0577 strat=0.7341) | LR: 0.000500
Epoch 029 | Train: 1.2107 (ind=0.4412 team=0.0551 strat=0.7143) | Val: 1.2443 (ind=0.4528 team=0.0578 strat=0.7338) | LR: 0.000500
Epoch 030 | Train: 1.2092 (ind=0.4407 team=0.0549 strat=0.7136) | Val: 1.2459 (ind=0.4533 team=0.0577 strat=0.7350) | LR: 0.000500

  Métrica                   |     R² |  MAE(z) |    MAE(real) |
  --------------------------+--------+---------+--------------+
  GoldDiff_10               |   6.9% |   0.766 |    633.7 gold | OK
  XpDiff_10                 |   5.8% |   0.766 |    529.6 xp  | OK
  CsDiff_10                 |   7.5% |   0.761 |     11.7 cs  | OK
  GoldDiff_15               |  12.2% |   0.749 |   1106.4 gold | OK
  XpDiff_15                 |  10.9% |   0.748 |    979.6 xp  | OK
  CsDiff_15                 |   9.7% |   0.757 |     17.4 cs  | OK
  EarlyTakedowns            |   5.3% |   0.770 |      2.2 kills | OK
  LaneCsBefore10            |   3.0% |   0.645 |      6.0 cs  | OK
  JgCsBefore10              |   2.4% |   0.170 |      0.4 cs  | OK
  DmgTotal                  |   9.8% |   0.752 |    207.2 dmg/min | OK
  DmgTurret                 |  23.9% |   0.648 |     93.9 dmg/min | OK
  DmgObj                    |  32.8% |   0.625 |    168.3 dmg/min | OK
  VisionScore               |   1.2% |   0.788 |      0.3 vs/min | OK
  KillParticipation         |   2.4% |   0.788 |      0.1 %   | OK
  SoloKills                 |  -0.4% |   0.692 |      0.9 kills | MAL
  TotalCS                   |   1.3% |   0.783 |     34.8 cs  | OK
  GoldEarned                |   6.5% |   0.764 |   2515.9 gold | OK
  Team_Dragons              |  24.1% |   0.706 |      0.9 drags | OK
  Team_Barons               |  22.1% |   0.638 |      0.4 barons | OK
  Team_Towers               |  56.4% |   0.507 |      1.8 towers | OK
  --------------------------+--------+---------+--------------+
      STRATEGIC TARGETS    
  --------------------------+--------+---------+--------------+
  LaneDominance             |  11.9% |   0.759 |     (índice) | OK
  EarlyAggression           |   4.9% |   0.797 |     (índice) | OK
  MapPressure               |   2.2% |   0.799 |     (índice) | OK
  ObjectiveFocus            |  39.3% |   0.615 |     (índice) | OK
  ResourceEfficiency        |   9.0% |   0.771 |     (índice) | OK

  RAW METRICS:       R² = +21.7%  (19/20 métricas OK)
  STRATEGIC TARGETS: R² = +13.4%  (5/5 métricas OK)

Epoch 031 | Train: 1.2081 (ind=0.4405 team=0.0550 strat=0.7125) | Val: 1.2444 (ind=0.4526 team=0.0579 strat=0.7339) | LR: 0.000500
Epoch 032 | Train: 1.2083 (ind=0.4405 team=0.0550 strat=0.7127) | Val: 1.2451 (ind=0.4530 team=0.0577 strat=0.7344) | LR: 0.000500
Epoch 033 | Train: 1.2073 (ind=0.4405 team=0.0548 strat=0.7121) | Val: 1.2441 (ind=0.4526 team=0.0578 strat=0.7337) | LR: 0.000500
Epoch 034 | Train: 1.2027 (ind=0.4391 team=0.0546 strat=0.7090) | Val: 1.2447 (ind=0.4528 team=0.0577 strat=0.7342) | LR: 0.000250
Epoch 035 | Train: 1.2007 (ind=0.4384 team=0.0544 strat=0.7079) | Val: 1.2456 (ind=0.4530 team=0.0578 strat=0.7348) | LR: 0.000250

  Métrica                   |     R² |  MAE(z) |    MAE(real) |
  --------------------------+--------+---------+--------------+
  GoldDiff_10               |   7.2% |   0.765 |    632.5 gold | OK
  XpDiff_10                 |   6.0% |   0.765 |    528.6 xp  | OK
  CsDiff_10                 |   7.6% |   0.760 |     11.7 cs  | OK
  GoldDiff_15               |  12.3% |   0.748 |   1106.1 gold | OK
  XpDiff_15                 |  11.0% |   0.748 |    979.8 xp  | OK
  CsDiff_15                 |   9.8% |   0.756 |     17.4 cs  | OK
  EarlyTakedowns            |   5.7% |   0.770 |      2.2 kills | OK
  LaneCsBefore10            |   3.0% |   0.643 |      6.0 cs  | OK
  JgCsBefore10              |   2.4% |   0.168 |      0.4 cs  | OK
  DmgTotal                  |   9.9% |   0.752 |    207.2 dmg/min | OK
  DmgTurret                 |  23.7% |   0.648 |     93.9 dmg/min | OK
  DmgObj                    |  33.0% |   0.626 |    168.7 dmg/min | OK
  VisionScore               |   1.3% |   0.788 |      0.3 vs/min | OK
  KillParticipation         |   2.3% |   0.788 |      0.1 %   | OK
  SoloKills                 |   0.3% |   0.694 |      0.9 kills | OK
  TotalCS                   |   1.4% |   0.783 |     34.8 cs  | OK
  GoldEarned                |   6.4% |   0.765 |   2519.0 gold | OK
  Team_Dragons              |  24.2% |   0.705 |      0.9 drags | OK
  Team_Barons               |  22.3% |   0.639 |      0.4 barons | OK
  Team_Towers               |  56.2% |   0.510 |      1.8 towers | OK
  --------------------------+--------+---------+--------------+
      STRATEGIC TARGETS    
  --------------------------+--------+---------+--------------+
  LaneDominance             |  12.1% |   0.758 |     (índice) | OK
  EarlyAggression           |   5.0% |   0.797 |     (índice) | OK
  MapPressure               |   2.1% |   0.799 |     (índice) | OK
  ObjectiveFocus            |  39.3% |   0.615 |     (índice) | OK
  ResourceEfficiency        |   9.1% |   0.771 |     (índice) | OK

  RAW METRICS:       R² = +21.8%  (20/20 métricas OK)
  STRATEGIC TARGETS: R² = +13.5%  (5/5 métricas OK)

Epoch 036 | Train: 1.2005 (ind=0.4385 team=0.0545 strat=0.7076) | Val: 1.2471 (ind=0.4534 team=0.0579 strat=0.7358) | LR: 0.000250
Epoch 037 | Train: 1.1993 (ind=0.4379 team=0.0545 strat=0.7069) | Val: 1.2457 (ind=0.4528 team=0.0579 strat=0.7350) | LR: 0.000250
Epoch 038 | Train: 1.1983 (ind=0.4375 team=0.0546 strat=0.7062) | Val: 1.2455 (ind=0.4528 team=0.0579 strat=0.7348) | LR: 0.000250
Epoch 039 | Train: 1.1970 (ind=0.4373 team=0.0545 strat=0.7053) | Val: 1.2464 (ind=0.4530 team=0.0580 strat=0.7354) | LR: 0.000250

Early Stopping en epoch 39. Best Val Loss: 1.2429

--- DIAGNÓSTICO FINAL (pca_only) ---

  Métrica                   |     R² |  MAE(z) |    MAE(real) |
  --------------------------+--------+---------+--------------+
  GoldDiff_10               |   7.4% |   0.764 |    631.6 gold | OK
  XpDiff_10                 |   6.1% |   0.764 |    528.3 xp  | OK
  CsDiff_10                 |   7.5% |   0.761 |     11.7 cs  | OK
  GoldDiff_15               |  12.5% |   0.747 |   1104.0 gold | OK
  XpDiff_15                 |  11.3% |   0.747 |    978.2 xp  | OK
  CsDiff_15                 |   9.8% |   0.756 |     17.4 cs  | OK
  EarlyTakedowns            |   6.0% |   0.769 |      2.2 kills | OK
  LaneCsBefore10            |   3.0% |   0.642 |      6.0 cs  | OK
  JgCsBefore10              |   2.2% |   0.174 |      0.4 cs  | OK
  DmgTotal                  |  10.3% |   0.751 |    207.0 dmg/min | OK
  DmgTurret                 |  24.2% |   0.647 |     93.8 dmg/min | OK
  DmgObj                    |  33.4% |   0.625 |    168.3 dmg/min | OK
  VisionScore               |   1.4% |   0.788 |      0.3 vs/min | OK
  KillParticipation         |   2.2% |   0.789 |      0.1 %   | OK
  SoloKills                 |  -0.2% |   0.692 |      0.9 kills | MAL
  TotalCS                   |   1.8% |   0.782 |     34.7 cs  | OK
  GoldEarned                |   7.0% |   0.763 |   2513.8 gold | OK
  Team_Dragons              |  24.7% |   0.705 |      0.9 drags | OK
  Team_Barons               |  22.7% |   0.640 |      0.4 barons | OK
  Team_Towers               |  56.6% |   0.507 |      1.8 towers | OK
  --------------------------+--------+---------+--------------+
      STRATEGIC TARGETS    
  --------------------------+--------+---------+--------------+
  LaneDominance             |  12.5% |   0.758 |     (índice) | OK
  EarlyAggression           |   5.3% |   0.797 |     (índice) | OK
  MapPressure               |   2.1% |   0.799 |     (índice) | OK
  ObjectiveFocus            |  39.8% |   0.614 |     (índice) | OK
  ResourceEfficiency        |   9.4% |   0.769 |     (índice) | OK

  RAW METRICS:       R² = +22.1%  (19/20 métricas OK)
  STRATEGIC TARGETS: R² = +13.8%  (5/5 métricas OK)

Modelo guardado en Models/lol_model_pca_only.pth
